Jun 15, 2017 1:31:52 PM Connection <init>
INFORMATION: Connections established on port: 1312
Jun 15, 2017 1:31:52 PM Connection run
INFORMATION: Connection established
Jun 15, 2017 1:31:52 PM Connection run
INFORMATION: Path: info.html
Jun 15, 2017 1:31:52 PM Connection run
INFORMATION: Sending website in html format
Jun 15, 2017 1:31:52 PM Connection run
INFORMATION: Connection closed
Jun 15, 2017 1:31:52 PM Connection run
WARNUNG: File not found, exception, showing 404
Jun 15, 2017 1:31:52 PM Connection <init>
INFORMATION: Connections established on port: 1312
Jun 15, 2017 1:31:52 PM Connection run
INFORMATION: Connection established
Jun 15, 2017 1:31:52 PM Connection run
INFORMATION: Path: info.html
Jun 15, 2017 1:31:52 PM Connection run
INFORMATION: Sending website in html format
Jun 15, 2017 1:31:52 PM Connection run
INFORMATION: Connection closed
Jun 15, 2017 1:31:52 PM Connection run
WARNUNG: File not found, exception, showing 404
Jun 15, 2017 1:31:52 PM Connection <init>
INFORMATION: Connections established on port: 1312
Jun 15, 2017 1:31:52 PM Connection run
INFORMATION: Connection established
Jun 15, 2017 1:31:52 PM Connection run
INFORMATION: Path: info.html
Jun 15, 2017 1:31:52 PM Connection run
INFORMATION: Sending website in html format
Jun 15, 2017 1:31:52 PM Connection run
INFORMATION: Connection closed
Jun 15, 2017 1:31:52 PM Connection run
WARNUNG: File not found, exception, showing 404
